# JRE version: Java(TM) SE Runtime Environment (17.0.16+12) (build 17.0.16+12-LTS-247)
# Java VM: Java HotSpot(TM) 64-Bit Server VM (17.0.16+12-LTS-247, mixed mode, sharing, tiered, compressed oops, compressed class ptrs, g1 gc, windows-amd64)
GC Precious Log:
 CPUs: 16 total, 16 available
 Memory: 7549M
 Large Page Support: Disabled
 NUMA Support: Disabled
 Compressed Oops: Enabled (32-bit)
 Heap Region Size: 1M
 Heap Min Capacity: 8M
 Heap Initial Capacity: 8M
 Heap Max Capacity: 1888M
 Pre-touch: Disabled
 Parallel Workers: 13
 Concurrent Workers: 3
 Concurrent Refinement Workers: 13
 Periodic GC: Disabled
Heap:
 garbage-first heap   total 20480K, used 6656K [0x000000008a000000, 0x0000000100000000)
  region size 1024K, 3 young (3072K), 1 survivors (1024K)
 Metaspace       used 9520K, committed 9728K, reserved 1114112K
  class space    used 1125K, committed 1216K, reserved 1048576K
GC Heap History (20 events):
Event: 0.168 GC heap before
{Heap before GC invocations=0 (full 0):
 garbage-first heap   total 8192K, used 2048K [0x000000008a000000, 0x0000000100000000)
  region size 1024K, 3 young (3072K), 0 survivors (0K)
 Metaspace       used 2666K, committed 2880K, reserved 1114112K
  class space    used 348K, committed 448K, reserved 1048576K
}
Event: 0.171 GC heap after
{Heap after GC invocations=1 (full 0):
 garbage-first heap   total 8192K, used 1180K [0x000000008a000000, 0x0000000100000000)
  region size 1024K, 1 young (1024K), 1 survivors (1024K)
 Metaspace       used 2666K, committed 2880K, reserved 1114112K
  class space    used 348K, committed 448K, reserved 1048576K
}
Event: 0.228 GC heap before
{Heap before GC invocations=1 (full 0):
 garbage-first heap   total 8192K, used 1180K [0x000000008a000000, 0x0000000100000000)
  region size 1024K, 2 young (2048K), 1 survivors (1024K)
 Metaspace       used 5037K, committed 5248K, reserved 1114112K
  class space    used 614K, committed 704K, reserved 1048576K
}
Event: 0.231 GC heap after
{Heap after GC invocations=2 (full 0):
 garbage-first heap   total 8192K, used 1745K [0x000000008a000000, 0x0000000100000000)
  region size 1024K, 1 young (1024K), 1 survivors (1024K)
 Metaspace       used 5037K, committed 5248K, reserved 1114112K
  class space    used 614K, committed 704K, reserved 1048576K
}
Event: 0.270 GC heap before
{Heap before GC invocations=2 (full 0):
 garbage-first heap   total 8192K, used 2769K [0x000000008a000000, 0x0000000100000000)
  region size 1024K, 2 young (2048K), 1 survivors (1024K)
 Metaspace       used 6247K, committed 6400K, reserved 1114112K
  class space    used 751K, committed 832K, reserved 1048576K
}
Event: 0.272 GC heap after
{Heap after GC invocations=3 (full 0):
 garbage-first heap   total 8192K, used 2135K [0x000000008a000000, 0x0000000100000000)
  region size 1024K, 1 young (1024K), 1 survivors (1024K)
 Metaspace       used 6247K, committed 6400K, reserved 1114112K
  class space    used 751K, committed 832K, reserved 1048576K
}
Event: 0.320 GC heap before
{Heap before GC invocations=3 (full 0):
 garbage-first heap   total 8192K, used 3159K [0x000000008a000000, 0x0000000100000000)
  region size 1024K, 2 young (2048K), 1 survivors (1024K)
 Metaspace       used 7443K, committed 7616K, reserved 1114112K
  class space    used 865K, committed 960K, reserved 1048576K
}
Event: 0.322 GC heap after
{Heap after GC invocations=4 (full 0):
 garbage-first heap   total 8192K, used 2450K [0x000000008a000000, 0x0000000100000000)
  region size 1024K, 1 young (1024K), 1 survivors (1024K)
 Metaspace       used 7443K, committed 7616K, reserved 1114112K
  class space    used 865K, committed 960K, reserved 1048576K
}
Event: 0.345 GC heap before
{Heap before GC invocations=4 (full 0):
 garbage-first heap   total 8192K, used 3474K [0x000000008a000000, 0x0000000100000000)
  region size 1024K, 2 young (2048K), 1 survivors (1024K)
 Metaspace       used 7676K, committed 7808K, reserved 1114112K
  class space    used 889K, committed 960K, reserved 1048576K
}
Event: 0.347 GC heap after
{Heap after GC invocations=5 (full 0):
 garbage-first heap   total 11264K, used 2835K [0x000000008a000000, 0x0000000100000000)
  region size 1024K, 1 young (1024K), 1 survivors (1024K)
 Metaspace       used 7676K, committed 7808K, reserved 1114112K
  class space    used 889K, committed 960K, reserved 1048576K
}
Event: 0.368 GC heap before
{Heap before GC invocations=5 (full 0):
 garbage-first heap   total 11264K, used 4883K [0x000000008a000000, 0x0000000100000000)
  region size 1024K, 3 young (3072K), 1 survivors (1024K)
 Metaspace       used 7926K, committed 8064K, reserved 1114112K
  class space    used 924K, committed 1024K, reserved 1048576K
}
Event: 0.370 GC heap after
{Heap after GC invocations=6 (full 0):
 garbage-first heap   total 11264K, used 3316K [0x000000008a000000, 0x0000000100000000)
  region size 1024K, 1 young (1024K), 1 survivors (1024K)
 Metaspace       used 7926K, committed 8064K, reserved 1114112K
  class space    used 924K, committed 1024K, reserved 1048576K
}
Event: 0.403 GC heap before
{Heap before GC invocations=6 (full 0):
 garbage-first heap   total 11264K, used 4340K [0x000000008a000000, 0x0000000100000000)
  region size 1024K, 3 young (3072K), 1 survivors (1024K)
 Metaspace       used 8226K, committed 8512K, reserved 1114112K
  class space    used 949K, committed 1088K, reserved 1048576K
}
Event: 0.405 GC heap after
{Heap after GC invocations=7 (full 0):
 garbage-first heap   total 11264K, used 3664K [0x000000008a000000, 0x0000000100000000)
  region size 1024K, 1 young (1024K), 1 survivors (1024K)
 Metaspace       used 8226K, committed 8512K, reserved 1114112K
  class space    used 949K, committed 1088K, reserved 1048576K
}
Event: 0.428 GC heap before
{Heap before GC invocations=7 (full 0):
 garbage-first heap   total 11264K, used 5712K [0x000000008a000000, 0x0000000100000000)
  region size 1024K, 3 young (3072K), 1 survivors (1024K)
 Metaspace       used 8369K, committed 8576K, reserved 1114112K
  class space    used 969K, committed 1088K, reserved 1048576K
}
Event: 0.430 GC heap after
{Heap after GC invocations=8 (full 0):
 garbage-first heap   total 11264K, used 4138K [0x000000008a000000, 0x0000000100000000)
  region size 1024K, 1 young (1024K), 1 survivors (1024K)
 Metaspace       used 8369K, committed 8576K, reserved 1114112K
  class space    used 969K, committed 1088K, reserved 1048576K
}
Event: 0.433 GC heap before
{Heap before GC invocations=8 (full 0):
 garbage-first heap   total 11264K, used 5162K [0x000000008a000000, 0x0000000100000000)
  region size 1024K, 2 young (2048K), 1 survivors (1024K)
 Metaspace       used 8369K, committed 8576K, reserved 1114112K
  class space    used 969K, committed 1088K, reserved 1048576K
}
Event: 0.435 GC heap after
{Heap after GC invocations=9 (full 0):
 garbage-first heap   total 20480K, used 4403K [0x000000008a000000, 0x0000000100000000)
  region size 1024K, 1 young (1024K), 1 survivors (1024K)
 Metaspace       used 8369K, committed 8576K, reserved 1114112K
  class space    used 969K, committed 1088K, reserved 1048576K
}
Event: 0.511 GC heap before
{Heap before GC invocations=9 (full 0):
 garbage-first heap   total 20480K, used 11571K [0x000000008a000000, 0x0000000100000000)
  region size 1024K, 8 young (8192K), 1 survivors (1024K)
 Metaspace       used 9120K, committed 9344K, reserved 1114112K
  class space    used 1061K, committed 1152K, reserved 1048576K
}
Event: 0.514 GC heap after
{Heap after GC invocations=10 (full 0):
 garbage-first heap   total 20480K, used 5632K [0x000000008a000000, 0x0000000100000000)
  region size 1024K, 1 young (1024K), 1 survivors (1024K)
 Metaspace       used 9120K, committed 9344K, reserved 1114112K
  class space    used 1061K, committed 1152K, reserved 1048576K
}

